<?xml version='1.0'?>
<ns2:test-suite xmlns:ns2='urn:model.allure.qatools.yandex.ru' start='1668180104294' stop='1668180104312'>
    <name>SignIn, Login and Purchase Product: TC-001 Create New User/Signin</name>
    <title>SignIn, Login and Purchase Product: TC-001 Create New User/Signin</title>
    <test-cases>
        <test-case start='1668180104295' status='passed' stop='1668180104297'>
            <name></name>
            <title></title>
            <labels>
                <label name='language' value='javascript'/>
                <label name='framework' value='wdio'/>
                <label name='thread' value='0-1'/>
            </labels>
            <parameters>
                <parameter kind='argument' name='browser' value='chrome-107.0.5304.88'/>
            </parameters>
            <steps/>
            <attachments/>
        </test-case>
        <test-case start='1668180104298' status='broken' stop='1668180104305'>
            <name>Given I am on the home page</name>
            <title>Given I am on the home page</title>
            <labels>
                <label name='language' value='javascript'/>
                <label name='framework' value='wdio'/>
                <label name='thread' value='0-1'/>
            </labels>
            <parameters>
                <parameter kind='argument' name='browser' value='chrome-107.0.5304.88'/>
            </parameters>
            <steps/>
            <attachments/>
            <failure>
                <message>TypeError: Cannot read properties of undefined (reading 'open')</message>
                <stack-trace>TypeError: Cannot read properties of undefined (reading 'open')
                    at World.&lt;anonymous> (C:\MES\webdriverioProj\framework\step-definitions\steps.js:11:21)
                    at World.executeAsync (C:\MES\webdriverioProj\node_modules\@wdio\utils\build\shim.js:333:27)
                    at World.testFrameworkFnWrapper (C:\MES\webdriverioProj\node_modules\@wdio\utils\build\test-framework\testFnWrapper.js:51:32)
                    at process.processTicksAndRejections (node:internal/process/task_queues:95:5)
                    at async wrapPromiseWithTimeout (C:\MES\webdriverioProj\node_modules\@cucumber\cucumber\lib\time.js:67:12)
                    at async Object.run (C:\MES\webdriverioProj\node_modules\@cucumber\cucumber\lib\user_code_runner.js:64:22)
                    at async Object.run (C:\MES\webdriverioProj\node_modules\@cucumber\cucumber\lib\runtime\step_runner.js:52:26)
                    at async TestCaseRunner.invokeStep (C:\MES\webdriverioProj\node_modules\@cucumber\cucumber\lib\runtime\test_case_runner.js:93:16)
                    at async TestCaseRunner.runStep (C:\MES\webdriverioProj\node_modules\@cucumber\cucumber\lib\runtime\test_case_runner.js:237:26)
                    at async C:\MES\webdriverioProj\node_modules\@cucumber\cucumber\lib\runtime\test_case_runner.js:163:48
                    at async TestCaseRunner.aroundTestStep (C:\MES\webdriverioProj\node_modules\@cucumber\cucumber\lib\runtime\test_case_runner.js:117:32)
                    at async TestCaseRunner.run (C:\MES\webdriverioProj\node_modules\@cucumber\cucumber\lib\runtime\test_case_runner.js:146:17)
                    at async Runtime.runTestCase (C:\MES\webdriverioProj\node_modules\@cucumber\cucumber\lib\runtime\index.js:41:24)
                    at async Runtime.start (C:\MES\webdriverioProj\node_modules\@cucumber\cucumber\lib\runtime\index.js:65:13)
                    at async CucumberAdapter.run (C:\MES\webdriverioProj\node_modules\@wdio\cucumber-framework\build\index.js:168:22)
                    at async Runner.run (C:\MES\webdriverioProj\node_modules\@wdio\runner\build\index.js:152:24)</stack-trace>
            </failure>
        </test-case>
        <test-case start='1668180104305' status='broken' stop='1668180104307'>
            <name>Then Navigate to Signup page</name>
            <title>Then Navigate to Signup page</title>
            <labels>
                <label name='language' value='javascript'/>
                <label name='framework' value='wdio'/>
                <label name='thread' value='0-1'/>
            </labels>
            <parameters>
                <parameter kind='argument' name='browser' value='chrome-107.0.5304.88'/>
            </parameters>
            <steps/>
            <attachments/>
            <failure>
                <message>Step "Navigate to Signup page" is not defined. You can ignore this error by setting cucumberOpts.ignoreUndefinedDefinitions as true.</message>
                <stack-trace>Step "Navigate to Signup page" is not defined. You can ignore this error by setting cucumberOpts.ignoreUndefinedDefinitions as true.
                	at Feature(C:\MES\webdriverioProj\framework\feature\onlineshoping.feature):1:1
                	at Scenario(TC-001 Create New User/Signin):4:1
                	at Step(Navigate to Signup page):6:5
                </stack-trace>
            </failure>
        </test-case>
        <test-case start='1668180104307' status='broken' stop='1668180104308'>
            <name>And create an account</name>
            <title>And create an account</title>
            <labels>
                <label name='language' value='javascript'/>
                <label name='framework' value='wdio'/>
                <label name='thread' value='0-1'/>
            </labels>
            <parameters>
                <parameter kind='argument' name='browser' value='chrome-107.0.5304.88'/>
            </parameters>
            <steps/>
            <attachments/>
            <failure>
                <message>Step "create an account" is not defined. You can ignore this error by setting cucumberOpts.ignoreUndefinedDefinitions as true.</message>
                <stack-trace>Step "create an account" is not defined. You can ignore this error by setting cucumberOpts.ignoreUndefinedDefinitions as true.
                	at Feature(C:\MES\webdriverioProj\framework\feature\onlineshoping.feature):1:1
                	at Scenario(TC-001 Create New User/Signin):4:1
                	at Step(create an account):7:5
                </stack-trace>
            </failure>
        </test-case>
        <test-case start='1668180104309' status='passed' stop='1668180104310'>
            <name></name>
            <title></title>
            <labels>
                <label name='language' value='javascript'/>
                <label name='framework' value='wdio'/>
                <label name='thread' value='0-1'/>
            </labels>
            <parameters>
                <parameter kind='argument' name='browser' value='chrome-107.0.5304.88'/>
            </parameters>
            <steps/>
            <attachments/>
        </test-case>
    </test-cases>
</ns2:test-suite>